Performing C SOURCE FILE Test CMAKE_HAVE_LIBC_PTHREAD failed with the following output:
Change Dir: /home/ksenia/C_C++/hw1/cmake-build-debug/CMakeFiles/CMakeTmp

Run Build Command(s):/usr/bin/make cmTC_d15c4/fast && /usr/bin/make  -f CMakeFiles/cmTC_d15c4.dir/build.make CMakeFiles/cmTC_d15c4.dir/build
make[1]: вход в каталог «/home/ksenia/C_C++/hw1/cmake-build-debug/CMakeFiles/CMakeTmp»
Building C object CMakeFiles/cmTC_d15c4.dir/src.c.o
/usr/bin/cc   -DCMAKE_HAVE_LIBC_PTHREAD   -o CMakeFiles/cmTC_d15c4.dir/src.c.o   -c /home/ksenia/C_C++/hw1/cmake-build-debug/CMakeFiles/CMakeTmp/src.c
Linking C executable cmTC_d15c4
/home/ksenia/clion/clion-2020.3.2/bin/cmake/linux/bin/cmake -E cmake_link_script CMakeFiles/cmTC_d15c4.dir/link.txt --verbose=1
/usr/bin/cc  -DCMAKE_HAVE_LIBC_PTHREAD    -rdynamic CMakeFiles/cmTC_d15c4.dir/src.c.o  -o cmTC_d15c4 
/usr/bin/ld: CMakeFiles/cmTC_d15c4.dir/src.c.o: в функции «main»:
src.c:(.text+0x46): неопределённая ссылка на «pthread_create»
/usr/bin/ld: src.c:(.text+0x52): неопределённая ссылка на «pthread_detach»
/usr/bin/ld: src.c:(.text+0x5e): неопределённая ссылка на «pthread_cancel»
/usr/bin/ld: src.c:(.text+0x6f): неопределённая ссылка на «pthread_join»
collect2: error: ld returned 1 exit status
make[1]: *** [CMakeFiles/cmTC_d15c4.dir/build.make:107: cmTC_d15c4] Ошибка 1
make[1]: выход из каталога «/home/ksenia/C_C++/hw1/cmake-build-debug/CMakeFiles/CMakeTmp»
make: *** [Makefile:141: cmTC_d15c4/fast] Ошибка 2


Source file was:
#include <pthread.h>

void* test_func(void* data)
{
  return data;
}

int main(void)
{
  pthread_t thread;
  pthread_create(&thread, NULL, test_func, NULL);
  pthread_detach(thread);
  pthread_cancel(thread);
  pthread_join(thread, NULL);
  pthread_atfork(NULL, NULL, NULL);
  pthread_exit(NULL);

  return 0;
}

Determining if the function pthread_create exists in the pthreads failed with the following output:
Change Dir: /home/ksenia/C_C++/hw1/cmake-build-debug/CMakeFiles/CMakeTmp

Run Build Command(s):/usr/bin/make cmTC_8756e/fast && /usr/bin/make  -f CMakeFiles/cmTC_8756e.dir/build.make CMakeFiles/cmTC_8756e.dir/build
make[1]: вход в каталог «/home/ksenia/C_C++/hw1/cmake-build-debug/CMakeFiles/CMakeTmp»
Building C object CMakeFiles/cmTC_8756e.dir/CheckFunctionExists.c.o
/usr/bin/cc   -DCHECK_FUNCTION_EXISTS=pthread_create   -o CMakeFiles/cmTC_8756e.dir/CheckFunctionExists.c.o   -c /home/ksenia/clion/clion-2020.3.2/bin/cmake/linux/share/cmake-3.17/Modules/CheckFunctionExists.c
Linking C executable cmTC_8756e
/home/ksenia/clion/clion-2020.3.2/bin/cmake/linux/bin/cmake -E cmake_link_script CMakeFiles/cmTC_8756e.dir/link.txt --verbose=1
/usr/bin/cc  -DCHECK_FUNCTION_EXISTS=pthread_create    -rdynamic CMakeFiles/cmTC_8756e.dir/CheckFunctionExists.c.o  -o cmTC_8756e  -lpthreads 
/usr/bin/ld: невозможно найти -lpthreads
collect2: error: ld returned 1 exit status
make[1]: *** [CMakeFiles/cmTC_8756e.dir/build.make:107: cmTC_8756e] Ошибка 1
make[1]: выход из каталога «/home/ksenia/C_C++/hw1/cmake-build-debug/CMakeFiles/CMakeTmp»
make: *** [Makefile:141: cmTC_8756e/fast] Ошибка 2



